2021-05-11 20:50:34,714 [Worker-5: Loading available Gradle versions] INFO  o.e.b.c.i.u.g.PublishedGradleVersions - Gradle version information cache is up-to-date. Trying to read.
2021-05-25 11:57:26,633 [Worker-5: Loading available Gradle versions] INFO  o.e.b.c.i.u.g.PublishedGradleVersions - Gradle version information cache is up-to-date. Trying to read.
2021-05-25 11:57:44,738 [Worker-19: Building] INFO  o.e.m.c.i.l.LifecycleMappingFactory - Using org.eclipse.m2e.jdt.JarLifecycleMapping lifecycle mapping for MavenProject: com.mycompany:Basket:1.0-SNAPSHOT @ C:\Users\pablo\Documents\GitHub\ProyectoBaloncesto\Basket\pom.xml.
2021-05-25 11:57:44,738 [Worker-14: Updating Maven Dependencies] INFO  o.e.m.c.i.l.LifecycleMappingFactory - Using org.eclipse.m2e.jdt.JarLifecycleMapping lifecycle mapping for MavenProject: com.mycompany:Basket:1.0-SNAPSHOT @ C:\Users\pablo\Documents\GitHub\ProyectoBaloncesto\Basket\pom.xml.
2021-05-25 11:57:45,273 [Worker-19: Building] INFO  o.e.m.c.i.embedder.EclipseLogger - Using 'UTF-8' encoding to copy filtered resources.
2021-05-25 11:57:45,274 [Worker-19: Building] INFO  o.e.m.c.i.embedder.EclipseLogger - skip non existing resourceDirectory C:\Users\pablo\Documents\GitHub\ProyectoBaloncesto\Basket\src\main\resources
2021-05-25 11:57:45,278 [Worker-19: Building] INFO  o.e.m.c.i.embedder.EclipseLogger - Using 'UTF-8' encoding to copy filtered resources.
2021-05-25 11:57:45,279 [Worker-19: Building] INFO  o.e.m.c.i.embedder.EclipseLogger - skip non existing resourceDirectory C:\Users\pablo\Documents\GitHub\ProyectoBaloncesto\Basket\src\test\resources
2021-05-25 11:57:47,061 [Worker-0: Updating Maven Dependencies] INFO  o.e.m.c.i.l.LifecycleMappingFactory - Using org.eclipse.m2e.jdt.JarLifecycleMapping lifecycle mapping for MavenProject: com.mycompany:Basket:1.0-SNAPSHOT @ C:\Users\pablo\Documents\GitHub\ProyectoBaloncesto\Basket\pom.xml.
2021-05-25 11:57:47,075 [Worker-17: Building] INFO  o.e.m.c.i.embedder.EclipseLogger - Using 'UTF-8' encoding to copy filtered resources.
2021-05-25 11:57:47,076 [Worker-17: Building] INFO  o.e.m.c.i.embedder.EclipseLogger - skip non existing resourceDirectory C:\Users\pablo\Documents\GitHub\ProyectoBaloncesto\Basket\src\main\resources
2021-05-25 11:57:47,079 [Worker-17: Building] INFO  o.e.m.c.i.embedder.EclipseLogger - Using 'UTF-8' encoding to copy filtered resources.
2021-05-25 11:57:47,080 [Worker-17: Building] INFO  o.e.m.c.i.embedder.EclipseLogger - skip non existing resourceDirectory C:\Users\pablo\Documents\GitHub\ProyectoBaloncesto\Basket\src\test\resources
2021-05-25 11:57:48,118 [Worker-9: Building] INFO  o.e.m.c.i.embedder.EclipseLogger - Using 'UTF-8' encoding to copy filtered resources.
2021-05-25 11:57:48,119 [Worker-9: Building] INFO  o.e.m.c.i.embedder.EclipseLogger - skip non existing resourceDirectory C:\Users\pablo\Documents\GitHub\ProyectoBaloncesto\Basket\src\main\resources
2021-05-25 11:57:48,121 [Worker-9: Building] INFO  o.e.m.c.i.embedder.EclipseLogger - Using 'UTF-8' encoding to copy filtered resources.
2021-05-25 11:57:48,121 [Worker-9: Building] INFO  o.e.m.c.i.embedder.EclipseLogger - skip non existing resourceDirectory C:\Users\pablo\Documents\GitHub\ProyectoBaloncesto\Basket\src\test\resources
2021-05-25 11:58:11,923 [Worker-32: Building] INFO  o.e.m.c.i.embedder.EclipseLogger - Using 'UTF-8' encoding to copy filtered resources.
2021-05-25 11:58:11,924 [Worker-32: Building] INFO  o.e.m.c.i.embedder.EclipseLogger - skip non existing resourceDirectory C:\Users\pablo\Documents\GitHub\ProyectoBaloncesto\Basket\src\main\resources
2021-05-25 11:58:11,927 [Worker-32: Building] INFO  o.e.m.c.i.embedder.EclipseLogger - Using 'UTF-8' encoding to copy filtered resources.
2021-05-25 11:58:11,927 [Worker-32: Building] INFO  o.e.m.c.i.embedder.EclipseLogger - skip non existing resourceDirectory C:\Users\pablo\Documents\GitHub\ProyectoBaloncesto\Basket\src\test\resources
2021-05-25 11:58:12,963 [Worker-8: Building] INFO  o.e.m.c.i.embedder.EclipseLogger - Using 'UTF-8' encoding to copy filtered resources.
2021-05-25 11:58:12,963 [Worker-8: Building] INFO  o.e.m.c.i.embedder.EclipseLogger - skip non existing resourceDirectory C:\Users\pablo\Documents\GitHub\ProyectoBaloncesto\Basket\src\main\resources
2021-05-25 11:58:12,965 [Worker-8: Building] INFO  o.e.m.c.i.embedder.EclipseLogger - Using 'UTF-8' encoding to copy filtered resources.
2021-05-25 11:58:12,965 [Worker-8: Building] INFO  o.e.m.c.i.embedder.EclipseLogger - skip non existing resourceDirectory C:\Users\pablo\Documents\GitHub\ProyectoBaloncesto\Basket\src\test\resources
2021-05-25 11:59:37,904 [Worker-26: Building] INFO  o.e.m.c.i.embedder.EclipseLogger - Using 'UTF-8' encoding to copy filtered resources.
2021-05-25 11:59:37,904 [Worker-26: Building] INFO  o.e.m.c.i.embedder.EclipseLogger - skip non existing resourceDirectory C:\Users\pablo\Documents\GitHub\ProyectoBaloncesto\Basket\src\main\resources
2021-05-25 11:59:37,906 [Worker-26: Building] INFO  o.e.m.c.i.embedder.EclipseLogger - Using 'UTF-8' encoding to copy filtered resources.
2021-05-25 11:59:37,906 [Worker-26: Building] INFO  o.e.m.c.i.embedder.EclipseLogger - skip non existing resourceDirectory C:\Users\pablo\Documents\GitHub\ProyectoBaloncesto\Basket\src\test\resources
2021-05-25 11:59:38,946 [Worker-6: Building] INFO  o.e.m.c.i.embedder.EclipseLogger - Using 'UTF-8' encoding to copy filtered resources.
2021-05-25 11:59:38,947 [Worker-6: Building] INFO  o.e.m.c.i.embedder.EclipseLogger - skip non existing resourceDirectory C:\Users\pablo\Documents\GitHub\ProyectoBaloncesto\Basket\src\main\resources
2021-05-25 11:59:38,948 [Worker-6: Building] INFO  o.e.m.c.i.embedder.EclipseLogger - Using 'UTF-8' encoding to copy filtered resources.
2021-05-25 11:59:38,949 [Worker-6: Building] INFO  o.e.m.c.i.embedder.EclipseLogger - skip non existing resourceDirectory C:\Users\pablo\Documents\GitHub\ProyectoBaloncesto\Basket\src\test\resources
2021-05-25 12:02:19,519 [Worker-1: Building] INFO  o.e.m.c.i.embedder.EclipseLogger - Using 'UTF-8' encoding to copy filtered resources.
2021-05-25 12:02:19,520 [Worker-1: Building] INFO  o.e.m.c.i.embedder.EclipseLogger - skip non existing resourceDirectory C:\Users\pablo\Documents\GitHub\ProyectoBaloncesto\Basket\src\main\resources
2021-05-25 12:02:19,523 [Worker-1: Building] INFO  o.e.m.c.i.embedder.EclipseLogger - Using 'UTF-8' encoding to copy filtered resources.
2021-05-25 12:02:19,524 [Worker-1: Building] INFO  o.e.m.c.i.embedder.EclipseLogger - skip non existing resourceDirectory C:\Users\pablo\Documents\GitHub\ProyectoBaloncesto\Basket\src\test\resources
2021-05-25 12:02:20,552 [Worker-40: Building] INFO  o.e.m.c.i.embedder.EclipseLogger - Using 'UTF-8' encoding to copy filtered resources.
2021-05-25 12:02:20,552 [Worker-40: Building] INFO  o.e.m.c.i.embedder.EclipseLogger - skip non existing resourceDirectory C:\Users\pablo\Documents\GitHub\ProyectoBaloncesto\Basket\src\main\resources
2021-05-25 12:02:20,557 [Worker-40: Building] INFO  o.e.m.c.i.embedder.EclipseLogger - Using 'UTF-8' encoding to copy filtered resources.
2021-05-25 12:02:20,557 [Worker-40: Building] INFO  o.e.m.c.i.embedder.EclipseLogger - skip non existing resourceDirectory C:\Users\pablo\Documents\GitHub\ProyectoBaloncesto\Basket\src\test\resources
2021-05-25 12:02:24,281 [Worker-39: Building] INFO  o.e.m.c.i.embedder.EclipseLogger - Using 'UTF-8' encoding to copy filtered resources.
2021-05-25 12:02:24,282 [Worker-39: Building] INFO  o.e.m.c.i.embedder.EclipseLogger - skip non existing resourceDirectory C:\Users\pablo\Documents\GitHub\ProyectoBaloncesto\Basket\src\main\resources
2021-05-25 12:02:24,283 [Worker-39: Building] INFO  o.e.m.c.i.embedder.EclipseLogger - Using 'UTF-8' encoding to copy filtered resources.
2021-05-25 12:02:24,284 [Worker-39: Building] INFO  o.e.m.c.i.embedder.EclipseLogger - skip non existing resourceDirectory C:\Users\pablo\Documents\GitHub\ProyectoBaloncesto\Basket\src\test\resources
2021-05-25 12:02:28,631 [Worker-39: Building] INFO  o.e.m.c.i.embedder.EclipseLogger - Using 'UTF-8' encoding to copy filtered resources.
2021-05-25 12:02:28,632 [Worker-39: Building] INFO  o.e.m.c.i.embedder.EclipseLogger - skip non existing resourceDirectory C:\Users\pablo\Documents\GitHub\ProyectoBaloncesto\Basket\src\main\resources
2021-05-25 12:02:28,634 [Worker-39: Building] INFO  o.e.m.c.i.embedder.EclipseLogger - Using 'UTF-8' encoding to copy filtered resources.
2021-05-25 12:02:28,634 [Worker-39: Building] INFO  o.e.m.c.i.embedder.EclipseLogger - skip non existing resourceDirectory C:\Users\pablo\Documents\GitHub\ProyectoBaloncesto\Basket\src\test\resources
2021-05-25 12:02:31,315 [Worker-39: Building] INFO  o.e.m.c.i.embedder.EclipseLogger - Using 'UTF-8' encoding to copy filtered resources.
2021-05-25 12:02:31,316 [Worker-39: Building] INFO  o.e.m.c.i.embedder.EclipseLogger - skip non existing resourceDirectory C:\Users\pablo\Documents\GitHub\ProyectoBaloncesto\Basket\src\main\resources
2021-05-25 12:02:31,318 [Worker-39: Building] INFO  o.e.m.c.i.embedder.EclipseLogger - Using 'UTF-8' encoding to copy filtered resources.
2021-05-25 12:02:31,318 [Worker-39: Building] INFO  o.e.m.c.i.embedder.EclipseLogger - skip non existing resourceDirectory C:\Users\pablo\Documents\GitHub\ProyectoBaloncesto\Basket\src\test\resources
2021-05-25 12:02:44,761 [Worker-40: Building] INFO  o.e.m.c.i.embedder.EclipseLogger - Using 'UTF-8' encoding to copy filtered resources.
2021-05-25 12:02:44,761 [Worker-40: Building] INFO  o.e.m.c.i.embedder.EclipseLogger - skip non existing resourceDirectory C:\Users\pablo\Documents\GitHub\ProyectoBaloncesto\Basket\src\main\resources
2021-05-25 12:02:44,763 [Worker-40: Building] INFO  o.e.m.c.i.embedder.EclipseLogger - Using 'UTF-8' encoding to copy filtered resources.
2021-05-25 12:02:44,764 [Worker-40: Building] INFO  o.e.m.c.i.embedder.EclipseLogger - skip non existing resourceDirectory C:\Users\pablo\Documents\GitHub\ProyectoBaloncesto\Basket\src\test\resources
